<?xml version="1.0" encoding="UTF-8"?>
<!-- Generated by org.testng.reporters.JUnitXMLReporter -->
<testsuite hostname="4zj1rc2" ignored="0" name="Default test" tests="4" failures="0" timestamp="18 mar 2019 21:22:33 GMT" time="56.929" errors="0">
  <testcase name="login" time="10.965" classname="tests.Tests"/>
  <testcase name="loginIncorrecto" time="11.3" classname="tests.Tests"/>
  <testcase name="pruebaCantidadDeCampos" time="0.065" classname="tests.Tests"/>
  <testcase name="pruebaTres" time="11.546" classname="tests.Tests"/>
</testsuite> <!-- Default test -->
