<?xml version="1.0" encoding="UTF-8"?>
<testng-results skipped="0" failed="0" ignored="0" total="4" passed="4">
  <reporter-output>
  </reporter-output>
  <suite name="Default suite" duration-ms="56929" started-at="2019-03-18T21:21:36Z" finished-at="2019-03-18T21:22:33Z">
    <groups>
    </groups>
    <test name="Default test" duration-ms="56929" started-at="2019-03-18T21:21:36Z" finished-at="2019-03-18T21:22:33Z">
      <class name="tests.Tests">
        <test-method status="PASS" signature="setUp()[pri:0, instance:tests.Tests@27efef64]" name="setUp" is-config="true" duration-ms="5522" started-at="2019-03-18T21:21:36Z" finished-at="2019-03-18T21:21:41Z">
          <reporter-output>
          </reporter-output>
        </test-method> <!-- setUp -->
        <test-method status="PASS" signature="login()[pri:0, instance:tests.Tests@27efef64]" name="login" duration-ms="10965" started-at="2019-03-18T21:21:41Z" finished-at="2019-03-18T21:21:52Z">
          <reporter-output>
          </reporter-output>
        </test-method> <!-- login -->
        <test-method status="PASS" signature="tearDown(org.testng.ITestResult)[pri:0, instance:tests.Tests@27efef64]" name="tearDown" is-config="true" duration-ms="2324" started-at="2019-03-18T21:21:52Z" finished-at="2019-03-18T21:21:55Z">
          <params>
            <param index="0">
              <value>
                <![CDATA[[TestResult name=login status=SUCCESS method=Tests.login()[pri:0, instance:tests.Tests@27efef64] output={null}]]]>
              </value>
            </param>
          </params>
          <reporter-output>
          </reporter-output>
        </test-method> <!-- tearDown -->
        <test-method status="PASS" signature="setUp()[pri:0, instance:tests.Tests@27efef64]" name="setUp" is-config="true" duration-ms="3819" started-at="2019-03-18T21:21:55Z" finished-at="2019-03-18T21:21:59Z">
          <reporter-output>
          </reporter-output>
        </test-method> <!-- setUp -->
        <test-method status="PASS" signature="loginIncorrecto()[pri:0, instance:tests.Tests@27efef64]" name="loginIncorrecto" duration-ms="11300" started-at="2019-03-18T21:21:59Z" finished-at="2019-03-18T21:22:10Z">
          <reporter-output>
          </reporter-output>
        </test-method> <!-- loginIncorrecto -->
        <test-method status="PASS" signature="tearDown(org.testng.ITestResult)[pri:0, instance:tests.Tests@27efef64]" name="tearDown" is-config="true" duration-ms="571" started-at="2019-03-18T21:22:10Z" finished-at="2019-03-18T21:22:10Z">
          <params>
            <param index="0">
              <value>
                <![CDATA[[TestResult name=loginIncorrecto status=SUCCESS method=Tests.loginIncorrecto()[pri:0, instance:tests.Tests@27efef64] output={null}]]]>
              </value>
            </param>
          </params>
          <reporter-output>
          </reporter-output>
        </test-method> <!-- tearDown -->
        <test-method status="PASS" signature="setUp()[pri:0, instance:tests.Tests@27efef64]" name="setUp" is-config="true" duration-ms="3833" started-at="2019-03-18T21:22:10Z" finished-at="2019-03-18T21:22:14Z">
          <reporter-output>
          </reporter-output>
        </test-method> <!-- setUp -->
        <test-method status="PASS" signature="pruebaCantidadDeCampos()[pri:0, instance:tests.Tests@27efef64]" name="pruebaCantidadDeCampos" duration-ms="65" started-at="2019-03-18T21:22:14Z" finished-at="2019-03-18T21:22:14Z">
          <reporter-output>
          </reporter-output>
        </test-method> <!-- pruebaCantidadDeCampos -->
        <test-method status="PASS" signature="tearDown(org.testng.ITestResult)[pri:0, instance:tests.Tests@27efef64]" name="tearDown" is-config="true" duration-ms="2257" started-at="2019-03-18T21:22:14Z" finished-at="2019-03-18T21:22:17Z">
          <params>
            <param index="0">
              <value>
                <![CDATA[[TestResult name=pruebaCantidadDeCampos status=SUCCESS method=Tests.pruebaCantidadDeCampos()[pri:0, instance:tests.Tests@27efef64] output={null}]]]>
              </value>
            </param>
          </params>
          <reporter-output>
          </reporter-output>
        </test-method> <!-- tearDown -->
        <test-method status="PASS" signature="setUp()[pri:0, instance:tests.Tests@27efef64]" name="setUp" is-config="true" duration-ms="4356" started-at="2019-03-18T21:22:17Z" finished-at="2019-03-18T21:22:21Z">
          <reporter-output>
          </reporter-output>
        </test-method> <!-- setUp -->
        <test-method status="PASS" signature="pruebaTres()[pri:0, instance:tests.Tests@27efef64]" name="pruebaTres" duration-ms="11546" started-at="2019-03-18T21:22:21Z" finished-at="2019-03-18T21:22:33Z">
          <reporter-output>
          </reporter-output>
        </test-method> <!-- pruebaTres -->
        <test-method status="PASS" signature="tearDown(org.testng.ITestResult)[pri:0, instance:tests.Tests@27efef64]" name="tearDown" is-config="true" duration-ms="334" started-at="2019-03-18T21:22:33Z" finished-at="2019-03-18T21:22:33Z">
          <params>
            <param index="0">
              <value>
                <![CDATA[[TestResult name=pruebaTres status=SUCCESS method=Tests.pruebaTres()[pri:0, instance:tests.Tests@27efef64] output={null}]]]>
              </value>
            </param>
          </params>
          <reporter-output>
          </reporter-output>
        </test-method> <!-- tearDown -->
      </class> <!-- tests.Tests -->
    </test> <!-- Default test -->
  </suite> <!-- Default suite -->
</testng-results>
